2020-02-14 13:36:49,273 [Worker-0: Loading available Gradle versions] INFO  o.e.b.c.i.u.g.PublishedGradleVersions - Gradle version information cache is up-to-date. Trying to read.
2020-02-14 13:43:20,396 [Worker-9: Enabling Maven Dependency Management] INFO  o.e.m.c.i.l.LifecycleMappingFactory - Using org.maven.ide.eclipse.wtp.WarLifecycleMapping lifecycle mapping for MavenProject: JuegoCartasApi:JuegoCartasApi:0.0.1-SNAPSHOT @ /home/carles/Acceso a Datos/eclipse-workNew/JuegoCartasApi/pom.xml.
2020-02-14 13:43:20,704 [Worker-9: Enabling Maven Dependency Management] WARN  o.e.m.c.i.embedder.EclipseLogger - Using platform encoding (UTF-8 actually) to copy filtered resources, i.e. build is platform dependent!
2020-02-14 13:43:20,705 [Worker-9: Enabling Maven Dependency Management] INFO  o.e.m.c.i.embedder.EclipseLogger - skip non existing resourceDirectory /home/carles/Acceso a Datos/eclipse-workNew/JuegoCartasApi/src/main/resources
2020-02-14 13:43:20,708 [Worker-9: Enabling Maven Dependency Management] WARN  o.e.m.c.i.embedder.EclipseLogger - Using platform encoding (UTF-8 actually) to copy filtered resources, i.e. build is platform dependent!
2020-02-14 13:43:20,708 [Worker-9: Enabling Maven Dependency Management] INFO  o.e.m.c.i.embedder.EclipseLogger - skip non existing resourceDirectory /home/carles/Acceso a Datos/eclipse-workNew/JuegoCartasApi/src/test/resources
2020-02-14 13:43:20,711 [Worker-9: Enabling Maven Dependency Management] INFO  o.e.m.w.i.f.ResourceFilteringBuildParticipant - Changed resources require a complete clean of filtered resources of JuegoCartasApi
2020-02-14 13:43:20,712 [Worker-9: Enabling Maven Dependency Management] INFO  o.e.m.w.i.f.ResourceFilteringBuildParticipant - Executing resource filtering for JuegoCartasApi
2020-02-14 13:43:20,728 [Worker-9: Enabling Maven Dependency Management] WARN  o.e.m.c.i.embedder.EclipseLogger - Using platform encoding (UTF-8 actually) to copy filtered resources, i.e. build is platform dependent!
2020-02-14 13:43:21,282 [Worker-9: Enabling Maven Dependency Management] INFO  o.e.m.j.i.AbstractJavaProjectConfigurator - Adding source folder /JuegoCartasApi/src
2020-02-14 13:43:21,282 [Worker-9: Enabling Maven Dependency Management] INFO  o.e.m.j.i.AbstractJavaProjectConfigurator - Not adding source folder /JuegoCartasApi/src/test/java because it overlaps with /JuegoCartasApi/src
2020-02-14 13:43:22,795 [Worker-9: Enabling Maven Dependency Management] WARN  o.e.m.c.i.embedder.EclipseLogger - Using platform encoding (UTF-8 actually) to copy filtered resources, i.e. build is platform dependent!
2020-02-14 13:43:22,795 [Worker-9: Enabling Maven Dependency Management] INFO  o.e.m.c.i.embedder.EclipseLogger - skip non existing resourceDirectory /home/carles/Acceso a Datos/eclipse-workNew/JuegoCartasApi/src/main/resources
2020-02-14 13:43:22,797 [Worker-9: Enabling Maven Dependency Management] WARN  o.e.m.c.i.embedder.EclipseLogger - Using platform encoding (UTF-8 actually) to copy filtered resources, i.e. build is platform dependent!
2020-02-14 13:43:22,797 [Worker-9: Enabling Maven Dependency Management] INFO  o.e.m.c.i.embedder.EclipseLogger - skip non existing resourceDirectory /home/carles/Acceso a Datos/eclipse-workNew/JuegoCartasApi/src/test/resources
2020-02-14 13:43:22,798 [Worker-9: Enabling Maven Dependency Management] INFO  o.e.m.w.i.f.ResourceFilteringBuildParticipant - Changed resources require a complete clean of filtered resources of JuegoCartasApi
2020-02-14 13:43:22,798 [Worker-9: Enabling Maven Dependency Management] INFO  o.e.m.w.i.f.ResourceFilteringBuildParticipant - Executing resource filtering for JuegoCartasApi
2020-02-14 13:43:22,802 [Worker-9: Enabling Maven Dependency Management] WARN  o.e.m.c.i.embedder.EclipseLogger - Using platform encoding (UTF-8 actually) to copy filtered resources, i.e. build is platform dependent!
2020-02-14 13:43:22,880 [Worker-9: Enabling Maven Dependency Management] INFO  o.e.m.c.i.p.ProjectConfigurationManager - Update started
2020-02-14 13:43:23,100 [Worker-9: Enabling Maven Dependency Management] INFO  o.e.m.c.i.l.LifecycleMappingFactory - Using org.maven.ide.eclipse.wtp.WarLifecycleMapping lifecycle mapping for MavenProject: JuegoCartasApi:JuegoCartasApi:0.0.1-SNAPSHOT @ /home/carles/Acceso a Datos/eclipse-workNew/JuegoCartasApi/pom.xml.
2020-02-14 13:43:23,549 [Worker-9: Enabling Maven Dependency Management] INFO  o.e.m.j.i.AbstractJavaProjectConfigurator - Adding source folder /JuegoCartasApi/src
2020-02-14 13:43:23,549 [Worker-9: Enabling Maven Dependency Management] INFO  o.e.m.j.i.AbstractJavaProjectConfigurator - Not adding source folder /JuegoCartasApi/src/test/java because it overlaps with /JuegoCartasApi/src
2020-02-14 13:43:24,055 [Worker-9: Enabling Maven Dependency Management] WARN  o.e.m.c.i.embedder.EclipseLogger - Using platform encoding (UTF-8 actually) to copy filtered resources, i.e. build is platform dependent!
2020-02-14 13:43:24,055 [Worker-9: Enabling Maven Dependency Management] INFO  o.e.m.c.i.embedder.EclipseLogger - skip non existing resourceDirectory /home/carles/Acceso a Datos/eclipse-workNew/JuegoCartasApi/src/main/resources
2020-02-14 13:43:24,058 [Worker-9: Enabling Maven Dependency Management] WARN  o.e.m.c.i.embedder.EclipseLogger - Using platform encoding (UTF-8 actually) to copy filtered resources, i.e. build is platform dependent!
2020-02-14 13:43:24,059 [Worker-9: Enabling Maven Dependency Management] INFO  o.e.m.c.i.embedder.EclipseLogger - skip non existing resourceDirectory /home/carles/Acceso a Datos/eclipse-workNew/JuegoCartasApi/src/test/resources
2020-02-14 13:43:24,059 [Worker-9: Enabling Maven Dependency Management] INFO  o.e.m.w.i.f.ResourceFilteringBuildParticipant - Changed resources require a complete clean of filtered resources of JuegoCartasApi
2020-02-14 13:43:24,059 [Worker-9: Enabling Maven Dependency Management] INFO  o.e.m.w.i.f.ResourceFilteringBuildParticipant - Executing resource filtering for JuegoCartasApi
2020-02-14 13:43:24,064 [Worker-9: Enabling Maven Dependency Management] WARN  o.e.m.c.i.embedder.EclipseLogger - Using platform encoding (UTF-8 actually) to copy filtered resources, i.e. build is platform dependent!
2020-02-14 13:43:24,247 [Worker-9: Enabling Maven Dependency Management] INFO  o.e.m.w.i.f.ResourceFilteringBuildParticipant - Cleaning filtered folder for JuegoCartasApi
2020-02-14 13:43:24,254 [Worker-9: Enabling Maven Dependency Management] INFO  o.e.m.c.i.p.ProjectConfigurationManager - Update completed: 1 sec
2020-02-14 13:43:24,585 [Worker-23: Building workspace] WARN  o.e.m.c.i.embedder.EclipseLogger - Using platform encoding (UTF-8 actually) to copy filtered resources, i.e. build is platform dependent!
2020-02-14 13:43:24,586 [Worker-23: Building workspace] INFO  o.e.m.c.i.embedder.EclipseLogger - skip non existing resourceDirectory /home/carles/Acceso a Datos/eclipse-workNew/JuegoCartasApi/src/main/resources
2020-02-14 13:43:24,588 [Worker-23: Building workspace] WARN  o.e.m.c.i.embedder.EclipseLogger - Using platform encoding (UTF-8 actually) to copy filtered resources, i.e. build is platform dependent!
2020-02-14 13:43:24,589 [Worker-23: Building workspace] INFO  o.e.m.c.i.embedder.EclipseLogger - skip non existing resourceDirectory /home/carles/Acceso a Datos/eclipse-workNew/JuegoCartasApi/src/test/resources
2020-02-14 13:43:24,589 [Worker-23: Building workspace] INFO  o.e.m.w.i.f.ResourceFilteringBuildParticipant - Changed resources require a complete clean of filtered resources of JuegoCartasApi
2020-02-14 13:43:24,589 [Worker-23: Building workspace] INFO  o.e.m.w.i.f.ResourceFilteringBuildParticipant - Executing resource filtering for JuegoCartasApi
2020-02-14 13:43:24,594 [Worker-23: Building workspace] WARN  o.e.m.c.i.embedder.EclipseLogger - Using platform encoding (UTF-8 actually) to copy filtered resources, i.e. build is platform dependent!
2020-02-14 13:43:49,155 [Worker-22: Building workspace] WARN  o.e.m.c.i.embedder.EclipseLogger - Using platform encoding (UTF-8 actually) to copy filtered resources, i.e. build is platform dependent!
2020-02-14 13:43:49,155 [Worker-22: Building workspace] INFO  o.e.m.c.i.embedder.EclipseLogger - skip non existing resourceDirectory /home/carles/Acceso a Datos/eclipse-workNew/JuegoCartasApi/src/main/resources
2020-02-14 13:43:49,156 [Worker-22: Building workspace] WARN  o.e.m.c.i.embedder.EclipseLogger - Using platform encoding (UTF-8 actually) to copy filtered resources, i.e. build is platform dependent!
2020-02-14 13:43:49,157 [Worker-22: Building workspace] INFO  o.e.m.c.i.embedder.EclipseLogger - skip non existing resourceDirectory /home/carles/Acceso a Datos/eclipse-workNew/JuegoCartasApi/src/test/resources
2020-02-14 13:43:55,954 [Worker-32: Building workspace] WARN  o.e.m.c.i.embedder.EclipseLogger - Using platform encoding (UTF-8 actually) to copy filtered resources, i.e. build is platform dependent!
2020-02-14 13:43:55,955 [Worker-32: Building workspace] INFO  o.e.m.c.i.embedder.EclipseLogger - skip non existing resourceDirectory /home/carles/Acceso a Datos/eclipse-workNew/JuegoCartasApi/src/main/resources
2020-02-14 13:43:55,957 [Worker-32: Building workspace] WARN  o.e.m.c.i.embedder.EclipseLogger - Using platform encoding (UTF-8 actually) to copy filtered resources, i.e. build is platform dependent!
2020-02-14 13:43:55,957 [Worker-32: Building workspace] INFO  o.e.m.c.i.embedder.EclipseLogger - skip non existing resourceDirectory /home/carles/Acceso a Datos/eclipse-workNew/JuegoCartasApi/src/test/resources
2020-02-14 13:44:12,635 [Worker-19: Building workspace] WARN  o.e.m.c.i.embedder.EclipseLogger - Using platform encoding (UTF-8 actually) to copy filtered resources, i.e. build is platform dependent!
2020-02-14 13:44:12,636 [Worker-19: Building workspace] INFO  o.e.m.c.i.embedder.EclipseLogger - skip non existing resourceDirectory /home/carles/Acceso a Datos/eclipse-workNew/JuegoCartasApi/src/main/resources
2020-02-14 13:44:12,636 [Worker-19: Building workspace] WARN  o.e.m.c.i.embedder.EclipseLogger - Using platform encoding (UTF-8 actually) to copy filtered resources, i.e. build is platform dependent!
2020-02-14 13:44:12,637 [Worker-19: Building workspace] INFO  o.e.m.c.i.embedder.EclipseLogger - skip non existing resourceDirectory /home/carles/Acceso a Datos/eclipse-workNew/JuegoCartasApi/src/test/resources
2020-02-14 13:44:22,341 [Worker-38: Building workspace] WARN  o.e.m.c.i.embedder.EclipseLogger - Using platform encoding (UTF-8 actually) to copy filtered resources, i.e. build is platform dependent!
2020-02-14 13:44:22,342 [Worker-38: Building workspace] INFO  o.e.m.c.i.embedder.EclipseLogger - skip non existing resourceDirectory /home/carles/Acceso a Datos/eclipse-workNew/JuegoCartasApi/src/main/resources
2020-02-14 13:44:22,343 [Worker-38: Building workspace] WARN  o.e.m.c.i.embedder.EclipseLogger - Using platform encoding (UTF-8 actually) to copy filtered resources, i.e. build is platform dependent!
2020-02-14 13:44:22,343 [Worker-38: Building workspace] INFO  o.e.m.c.i.embedder.EclipseLogger - skip non existing resourceDirectory /home/carles/Acceso a Datos/eclipse-workNew/JuegoCartasApi/src/test/resources
2020-02-14 13:45:08,137 [Worker-1: Building workspace] INFO  o.e.m.c.i.l.LifecycleMappingFactory - Using org.maven.ide.eclipse.wtp.WarLifecycleMapping lifecycle mapping for MavenProject: JuegoCartasApi:JuegoCartasApi:0.0.1-SNAPSHOT @ /home/carles/Acceso a Datos/eclipse-workNew/JuegoCartasApi/pom.xml.
2020-02-14 13:45:08,368 [Worker-1: Building workspace] WARN  o.e.m.c.i.embedder.EclipseLogger - Using platform encoding (UTF-8 actually) to copy filtered resources, i.e. build is platform dependent!
2020-02-14 13:45:08,369 [Worker-1: Building workspace] INFO  o.e.m.c.i.embedder.EclipseLogger - skip non existing resourceDirectory /home/carles/Acceso a Datos/eclipse-workNew/JuegoCartasApi/src/main/resources
2020-02-14 13:45:08,370 [Worker-1: Building workspace] WARN  o.e.m.c.i.embedder.EclipseLogger - Using platform encoding (UTF-8 actually) to copy filtered resources, i.e. build is platform dependent!
2020-02-14 13:45:08,370 [Worker-1: Building workspace] INFO  o.e.m.c.i.embedder.EclipseLogger - skip non existing resourceDirectory /home/carles/Acceso a Datos/eclipse-workNew/JuegoCartasApi/src/test/resources
2020-02-14 13:45:08,371 [Worker-1: Building workspace] INFO  o.e.m.w.i.f.ResourceFilteringBuildParticipant - Changed resources require a complete clean of filtered resources of JuegoCartasApi
2020-02-14 13:45:08,371 [Worker-1: Building workspace] INFO  o.e.m.w.i.f.ResourceFilteringBuildParticipant - Executing resource filtering for JuegoCartasApi
2020-02-14 13:45:08,373 [Worker-1: Building workspace] WARN  o.e.m.c.i.embedder.EclipseLogger - Using platform encoding (UTF-8 actually) to copy filtered resources, i.e. build is platform dependent!
2020-02-14 13:45:10,763 [Worker-27: Building workspace] WARN  o.e.m.c.i.embedder.EclipseLogger - Using platform encoding (UTF-8 actually) to copy filtered resources, i.e. build is platform dependent!
2020-02-14 13:45:10,764 [Worker-27: Building workspace] INFO  o.e.m.c.i.embedder.EclipseLogger - skip non existing resourceDirectory /home/carles/Acceso a Datos/eclipse-workNew/JuegoCartasApi/src/main/resources
2020-02-14 13:45:10,765 [Worker-27: Building workspace] WARN  o.e.m.c.i.embedder.EclipseLogger - Using platform encoding (UTF-8 actually) to copy filtered resources, i.e. build is platform dependent!
2020-02-14 13:45:10,765 [Worker-27: Building workspace] INFO  o.e.m.c.i.embedder.EclipseLogger - skip non existing resourceDirectory /home/carles/Acceso a Datos/eclipse-workNew/JuegoCartasApi/src/test/resources
2020-02-14 13:46:33,045 [Worker-34: Building workspace] WARN  o.e.m.c.i.embedder.EclipseLogger - Using platform encoding (UTF-8 actually) to copy filtered resources, i.e. build is platform dependent!
2020-02-14 13:46:33,046 [Worker-34: Building workspace] INFO  o.e.m.c.i.embedder.EclipseLogger - skip non existing resourceDirectory /home/carles/Acceso a Datos/eclipse-workNew/JuegoCartasApi/src/main/resources
2020-02-14 13:46:33,047 [Worker-34: Building workspace] WARN  o.e.m.c.i.embedder.EclipseLogger - Using platform encoding (UTF-8 actually) to copy filtered resources, i.e. build is platform dependent!
2020-02-14 13:46:33,047 [Worker-34: Building workspace] INFO  o.e.m.c.i.embedder.EclipseLogger - skip non existing resourceDirectory /home/carles/Acceso a Datos/eclipse-workNew/JuegoCartasApi/src/test/resources
2020-02-14 13:47:12,450 [Worker-24: Building workspace] WARN  o.e.m.c.i.embedder.EclipseLogger - Using platform encoding (UTF-8 actually) to copy filtered resources, i.e. build is platform dependent!
2020-02-14 13:47:12,450 [Worker-24: Building workspace] INFO  o.e.m.c.i.embedder.EclipseLogger - skip non existing resourceDirectory /home/carles/Acceso a Datos/eclipse-workNew/JuegoCartasApi/src/main/resources
2020-02-14 13:47:12,451 [Worker-24: Building workspace] WARN  o.e.m.c.i.embedder.EclipseLogger - Using platform encoding (UTF-8 actually) to copy filtered resources, i.e. build is platform dependent!
2020-02-14 13:47:12,452 [Worker-24: Building workspace] INFO  o.e.m.c.i.embedder.EclipseLogger - skip non existing resourceDirectory /home/carles/Acceso a Datos/eclipse-workNew/JuegoCartasApi/src/test/resources
2020-02-14 13:48:39,684 [Worker-12: Building workspace] WARN  o.e.m.c.i.embedder.EclipseLogger - Using platform encoding (UTF-8 actually) to copy filtered resources, i.e. build is platform dependent!
2020-02-14 13:48:39,690 [Worker-12: Building workspace] INFO  o.e.m.c.i.embedder.EclipseLogger - skip non existing resourceDirectory /home/carles/Acceso a Datos/eclipse-workNew/JuegoCartasApi/src/main/resources
2020-02-14 13:48:39,692 [Worker-12: Building workspace] WARN  o.e.m.c.i.embedder.EclipseLogger - Using platform encoding (UTF-8 actually) to copy filtered resources, i.e. build is platform dependent!
2020-02-14 13:48:39,692 [Worker-12: Building workspace] INFO  o.e.m.c.i.embedder.EclipseLogger - skip non existing resourceDirectory /home/carles/Acceso a Datos/eclipse-workNew/JuegoCartasApi/src/test/resources
2020-02-14 13:49:46,881 [Worker-18: Building workspace] WARN  o.e.m.c.i.embedder.EclipseLogger - Using platform encoding (UTF-8 actually) to copy filtered resources, i.e. build is platform dependent!
2020-02-14 13:49:46,882 [Worker-18: Building workspace] INFO  o.e.m.c.i.embedder.EclipseLogger - skip non existing resourceDirectory /home/carles/Acceso a Datos/eclipse-workNew/JuegoCartasApi/src/main/resources
2020-02-14 13:49:46,884 [Worker-18: Building workspace] WARN  o.e.m.c.i.embedder.EclipseLogger - Using platform encoding (UTF-8 actually) to copy filtered resources, i.e. build is platform dependent!
2020-02-14 13:49:46,884 [Worker-18: Building workspace] INFO  o.e.m.c.i.embedder.EclipseLogger - skip non existing resourceDirectory /home/carles/Acceso a Datos/eclipse-workNew/JuegoCartasApi/src/test/resources
2020-02-14 13:52:57,424 [Worker-21: Building workspace] WARN  o.e.m.c.i.embedder.EclipseLogger - Using platform encoding (UTF-8 actually) to copy filtered resources, i.e. build is platform dependent!
2020-02-14 13:52:57,424 [Worker-21: Building workspace] INFO  o.e.m.c.i.embedder.EclipseLogger - skip non existing resourceDirectory /home/carles/Acceso a Datos/eclipse-workNew/JuegoCartasApi/src/main/resources
2020-02-14 13:52:57,425 [Worker-21: Building workspace] WARN  o.e.m.c.i.embedder.EclipseLogger - Using platform encoding (UTF-8 actually) to copy filtered resources, i.e. build is platform dependent!
2020-02-14 13:52:57,426 [Worker-21: Building workspace] INFO  o.e.m.c.i.embedder.EclipseLogger - skip non existing resourceDirectory /home/carles/Acceso a Datos/eclipse-workNew/JuegoCartasApi/src/test/resources
2020-02-14 15:34:05,397 [Worker-62: Enabling Maven Dependency Management] INFO  o.e.m.c.i.l.LifecycleMappingFactory - Using org.maven.ide.eclipse.wtp.WarLifecycleMapping lifecycle mapping for MavenProject: ApiJuegoDef:ApiJuegoDef:0.0.1-SNAPSHOT @ /home/carles/Acceso a Datos/eclipse-workNew/ApiJuegoDef/pom.xml.
2020-02-14 15:34:05,552 [Worker-62: Enabling Maven Dependency Management] WARN  o.e.m.c.i.embedder.EclipseLogger - Using platform encoding (UTF-8 actually) to copy filtered resources, i.e. build is platform dependent!
2020-02-14 15:34:05,553 [Worker-62: Enabling Maven Dependency Management] INFO  o.e.m.c.i.embedder.EclipseLogger - skip non existing resourceDirectory /home/carles/Acceso a Datos/eclipse-workNew/ApiJuegoDef/src/main/resources
2020-02-14 15:34:05,555 [Worker-62: Enabling Maven Dependency Management] WARN  o.e.m.c.i.embedder.EclipseLogger - Using platform encoding (UTF-8 actually) to copy filtered resources, i.e. build is platform dependent!
2020-02-14 15:34:05,556 [Worker-62: Enabling Maven Dependency Management] INFO  o.e.m.c.i.embedder.EclipseLogger - skip non existing resourceDirectory /home/carles/Acceso a Datos/eclipse-workNew/ApiJuegoDef/src/test/resources
2020-02-14 15:34:05,556 [Worker-62: Enabling Maven Dependency Management] INFO  o.e.m.w.i.f.ResourceFilteringBuildParticipant - Changed resources require a complete clean of filtered resources of ApiJuegoDef
2020-02-14 15:34:05,556 [Worker-62: Enabling Maven Dependency Management] INFO  o.e.m.w.i.f.ResourceFilteringBuildParticipant - Executing resource filtering for ApiJuegoDef
2020-02-14 15:34:05,559 [Worker-62: Enabling Maven Dependency Management] WARN  o.e.m.c.i.embedder.EclipseLogger - Using platform encoding (UTF-8 actually) to copy filtered resources, i.e. build is platform dependent!
2020-02-14 15:34:06,327 [Worker-62: Enabling Maven Dependency Management] INFO  o.e.m.j.i.AbstractJavaProjectConfigurator - Adding source folder /ApiJuegoDef/src
2020-02-14 15:34:06,327 [Worker-62: Enabling Maven Dependency Management] INFO  o.e.m.j.i.AbstractJavaProjectConfigurator - Not adding source folder /ApiJuegoDef/src/test/java because it overlaps with /ApiJuegoDef/src
2020-02-14 15:34:07,139 [Worker-62: Enabling Maven Dependency Management] WARN  o.e.m.c.i.embedder.EclipseLogger - Using platform encoding (UTF-8 actually) to copy filtered resources, i.e. build is platform dependent!
2020-02-14 15:34:07,140 [Worker-62: Enabling Maven Dependency Management] INFO  o.e.m.c.i.embedder.EclipseLogger - skip non existing resourceDirectory /home/carles/Acceso a Datos/eclipse-workNew/ApiJuegoDef/src/main/resources
2020-02-14 15:34:07,141 [Worker-62: Enabling Maven Dependency Management] WARN  o.e.m.c.i.embedder.EclipseLogger - Using platform encoding (UTF-8 actually) to copy filtered resources, i.e. build is platform dependent!
2020-02-14 15:34:07,141 [Worker-62: Enabling Maven Dependency Management] INFO  o.e.m.c.i.embedder.EclipseLogger - skip non existing resourceDirectory /home/carles/Acceso a Datos/eclipse-workNew/ApiJuegoDef/src/test/resources
2020-02-14 15:34:07,141 [Worker-62: Enabling Maven Dependency Management] INFO  o.e.m.w.i.f.ResourceFilteringBuildParticipant - Changed resources require a complete clean of filtered resources of ApiJuegoDef
2020-02-14 15:34:07,141 [Worker-62: Enabling Maven Dependency Management] INFO  o.e.m.w.i.f.ResourceFilteringBuildParticipant - Executing resource filtering for ApiJuegoDef
2020-02-14 15:34:07,143 [Worker-62: Enabling Maven Dependency Management] WARN  o.e.m.c.i.embedder.EclipseLogger - Using platform encoding (UTF-8 actually) to copy filtered resources, i.e. build is platform dependent!
2020-02-14 15:34:07,308 [Worker-62: Enabling Maven Dependency Management] INFO  o.e.m.c.i.p.ProjectConfigurationManager - Update started
2020-02-14 15:34:07,408 [Worker-62: Enabling Maven Dependency Management] INFO  o.e.m.c.i.l.LifecycleMappingFactory - Using org.maven.ide.eclipse.wtp.WarLifecycleMapping lifecycle mapping for MavenProject: ApiJuegoDef:ApiJuegoDef:0.0.1-SNAPSHOT @ /home/carles/Acceso a Datos/eclipse-workNew/ApiJuegoDef/pom.xml.
2020-02-14 15:34:07,670 [Worker-62: Enabling Maven Dependency Management] INFO  o.e.m.j.i.AbstractJavaProjectConfigurator - Adding source folder /ApiJuegoDef/src
2020-02-14 15:34:07,670 [Worker-62: Enabling Maven Dependency Management] INFO  o.e.m.j.i.AbstractJavaProjectConfigurator - Not adding source folder /ApiJuegoDef/src/test/java because it overlaps with /ApiJuegoDef/src
2020-02-14 15:34:08,006 [Worker-62: Enabling Maven Dependency Management] WARN  o.e.m.c.i.embedder.EclipseLogger - Using platform encoding (UTF-8 actually) to copy filtered resources, i.e. build is platform dependent!
2020-02-14 15:34:08,007 [Worker-62: Enabling Maven Dependency Management] INFO  o.e.m.c.i.embedder.EclipseLogger - skip non existing resourceDirectory /home/carles/Acceso a Datos/eclipse-workNew/ApiJuegoDef/src/main/resources
2020-02-14 15:34:08,008 [Worker-62: Enabling Maven Dependency Management] WARN  o.e.m.c.i.embedder.EclipseLogger - Using platform encoding (UTF-8 actually) to copy filtered resources, i.e. build is platform dependent!
2020-02-14 15:34:08,009 [Worker-62: Enabling Maven Dependency Management] INFO  o.e.m.c.i.embedder.EclipseLogger - skip non existing resourceDirectory /home/carles/Acceso a Datos/eclipse-workNew/ApiJuegoDef/src/test/resources
2020-02-14 15:34:08,009 [Worker-62: Enabling Maven Dependency Management] INFO  o.e.m.w.i.f.ResourceFilteringBuildParticipant - Changed resources require a complete clean of filtered resources of ApiJuegoDef
2020-02-14 15:34:08,009 [Worker-62: Enabling Maven Dependency Management] INFO  o.e.m.w.i.f.ResourceFilteringBuildParticipant - Executing resource filtering for ApiJuegoDef
2020-02-14 15:34:08,013 [Worker-62: Enabling Maven Dependency Management] WARN  o.e.m.c.i.embedder.EclipseLogger - Using platform encoding (UTF-8 actually) to copy filtered resources, i.e. build is platform dependent!
2020-02-14 15:34:08,128 [Worker-62: Enabling Maven Dependency Management] INFO  o.e.m.w.i.f.ResourceFilteringBuildParticipant - Cleaning filtered folder for ApiJuegoDef
2020-02-14 15:34:08,132 [Worker-62: Enabling Maven Dependency Management] INFO  o.e.m.c.i.p.ProjectConfigurationManager - Update completed: 0 sec
2020-02-14 15:34:08,321 [Worker-40: Building workspace] WARN  o.e.m.c.i.embedder.EclipseLogger - Using platform encoding (UTF-8 actually) to copy filtered resources, i.e. build is platform dependent!
2020-02-14 15:34:08,322 [Worker-40: Building workspace] INFO  o.e.m.c.i.embedder.EclipseLogger - skip non existing resourceDirectory /home/carles/Acceso a Datos/eclipse-workNew/ApiJuegoDef/src/main/resources
2020-02-14 15:34:08,323 [Worker-40: Building workspace] WARN  o.e.m.c.i.embedder.EclipseLogger - Using platform encoding (UTF-8 actually) to copy filtered resources, i.e. build is platform dependent!
2020-02-14 15:34:08,323 [Worker-40: Building workspace] INFO  o.e.m.c.i.embedder.EclipseLogger - skip non existing resourceDirectory /home/carles/Acceso a Datos/eclipse-workNew/ApiJuegoDef/src/test/resources
2020-02-14 15:34:08,324 [Worker-40: Building workspace] INFO  o.e.m.w.i.f.ResourceFilteringBuildParticipant - Changed resources require a complete clean of filtered resources of ApiJuegoDef
2020-02-14 15:34:08,324 [Worker-40: Building workspace] INFO  o.e.m.w.i.f.ResourceFilteringBuildParticipant - Executing resource filtering for ApiJuegoDef
2020-02-14 15:34:08,327 [Worker-40: Building workspace] WARN  o.e.m.c.i.embedder.EclipseLogger - Using platform encoding (UTF-8 actually) to copy filtered resources, i.e. build is platform dependent!
2020-02-14 15:34:17,297 [Worker-45: Building workspace] INFO  o.e.m.c.i.l.LifecycleMappingFactory - Using org.maven.ide.eclipse.wtp.WarLifecycleMapping lifecycle mapping for MavenProject: ApiJuegoDef:ApiJuegoDef:0.0.1-SNAPSHOT @ /home/carles/Acceso a Datos/eclipse-workNew/ApiJuegoDef/pom.xml.
2020-02-14 15:34:17,444 [Worker-45: Building workspace] WARN  o.e.m.c.i.embedder.EclipseLogger - Using platform encoding (UTF-8 actually) to copy filtered resources, i.e. build is platform dependent!
2020-02-14 15:34:17,445 [Worker-45: Building workspace] INFO  o.e.m.c.i.embedder.EclipseLogger - skip non existing resourceDirectory /home/carles/Acceso a Datos/eclipse-workNew/ApiJuegoDef/src/main/resources
2020-02-14 15:34:17,446 [Worker-45: Building workspace] WARN  o.e.m.c.i.embedder.EclipseLogger - Using platform encoding (UTF-8 actually) to copy filtered resources, i.e. build is platform dependent!
2020-02-14 15:34:17,447 [Worker-45: Building workspace] INFO  o.e.m.c.i.embedder.EclipseLogger - skip non existing resourceDirectory /home/carles/Acceso a Datos/eclipse-workNew/ApiJuegoDef/src/test/resources
2020-02-14 15:34:17,447 [Worker-45: Building workspace] INFO  o.e.m.w.i.f.ResourceFilteringBuildParticipant - Changed resources require a complete clean of filtered resources of ApiJuegoDef
2020-02-14 15:34:17,448 [Worker-45: Building workspace] INFO  o.e.m.w.i.f.ResourceFilteringBuildParticipant - Executing resource filtering for ApiJuegoDef
2020-02-14 15:34:17,451 [Worker-45: Building workspace] WARN  o.e.m.c.i.embedder.EclipseLogger - Using platform encoding (UTF-8 actually) to copy filtered resources, i.e. build is platform dependent!
2020-02-14 15:34:18,982 [Worker-42: Building workspace] WARN  o.e.m.c.i.embedder.EclipseLogger - Using platform encoding (UTF-8 actually) to copy filtered resources, i.e. build is platform dependent!
2020-02-14 15:34:18,982 [Worker-42: Building workspace] INFO  o.e.m.c.i.embedder.EclipseLogger - skip non existing resourceDirectory /home/carles/Acceso a Datos/eclipse-workNew/ApiJuegoDef/src/main/resources
2020-02-14 15:34:18,983 [Worker-42: Building workspace] WARN  o.e.m.c.i.embedder.EclipseLogger - Using platform encoding (UTF-8 actually) to copy filtered resources, i.e. build is platform dependent!
2020-02-14 15:34:18,983 [Worker-42: Building workspace] INFO  o.e.m.c.i.embedder.EclipseLogger - skip non existing resourceDirectory /home/carles/Acceso a Datos/eclipse-workNew/ApiJuegoDef/src/test/resources
2020-02-14 15:35:14,303 [Worker-56: Building workspace] WARN  o.e.m.c.i.embedder.EclipseLogger - Using platform encoding (UTF-8 actually) to copy filtered resources, i.e. build is platform dependent!
2020-02-14 15:35:14,303 [Worker-56: Building workspace] INFO  o.e.m.c.i.embedder.EclipseLogger - skip non existing resourceDirectory /home/carles/Acceso a Datos/eclipse-workNew/ApiJuegoDef/src/main/resources
2020-02-14 15:35:14,304 [Worker-56: Building workspace] WARN  o.e.m.c.i.embedder.EclipseLogger - Using platform encoding (UTF-8 actually) to copy filtered resources, i.e. build is platform dependent!
2020-02-14 15:35:14,304 [Worker-56: Building workspace] INFO  o.e.m.c.i.embedder.EclipseLogger - skip non existing resourceDirectory /home/carles/Acceso a Datos/eclipse-workNew/ApiJuegoDef/src/test/resources
2020-02-14 15:35:27,963 [Worker-61: Building workspace] WARN  o.e.m.c.i.embedder.EclipseLogger - Using platform encoding (UTF-8 actually) to copy filtered resources, i.e. build is platform dependent!
2020-02-14 15:35:27,963 [Worker-61: Building workspace] INFO  o.e.m.c.i.embedder.EclipseLogger - skip non existing resourceDirectory /home/carles/Acceso a Datos/eclipse-workNew/ApiJuegoDef/src/main/resources
2020-02-14 15:35:27,964 [Worker-61: Building workspace] WARN  o.e.m.c.i.embedder.EclipseLogger - Using platform encoding (UTF-8 actually) to copy filtered resources, i.e. build is platform dependent!
2020-02-14 15:35:27,964 [Worker-61: Building workspace] INFO  o.e.m.c.i.embedder.EclipseLogger - skip non existing resourceDirectory /home/carles/Acceso a Datos/eclipse-workNew/ApiJuegoDef/src/test/resources
2020-02-14 15:36:14,656 [Worker-56: Building workspace] WARN  o.e.m.c.i.embedder.EclipseLogger - Using platform encoding (UTF-8 actually) to copy filtered resources, i.e. build is platform dependent!
2020-02-14 15:36:14,656 [Worker-56: Building workspace] INFO  o.e.m.c.i.embedder.EclipseLogger - skip non existing resourceDirectory /home/carles/Acceso a Datos/eclipse-workNew/ApiJuegoDef/src/main/resources
2020-02-14 15:36:14,659 [Worker-56: Building workspace] WARN  o.e.m.c.i.embedder.EclipseLogger - Using platform encoding (UTF-8 actually) to copy filtered resources, i.e. build is platform dependent!
2020-02-14 15:36:14,659 [Worker-56: Building workspace] INFO  o.e.m.c.i.embedder.EclipseLogger - skip non existing resourceDirectory /home/carles/Acceso a Datos/eclipse-workNew/ApiJuegoDef/src/test/resources
2020-02-14 16:22:16,182 [Worker-74: Building workspace] WARN  o.e.m.c.i.embedder.EclipseLogger - Using platform encoding (UTF-8 actually) to copy filtered resources, i.e. build is platform dependent!
2020-02-14 16:22:16,182 [Worker-74: Building workspace] INFO  o.e.m.c.i.embedder.EclipseLogger - skip non existing resourceDirectory /home/carles/Acceso a Datos/eclipse-workNew/ApiJuegoDef/src/main/resources
2020-02-14 16:22:16,183 [Worker-74: Building workspace] WARN  o.e.m.c.i.embedder.EclipseLogger - Using platform encoding (UTF-8 actually) to copy filtered resources, i.e. build is platform dependent!
2020-02-14 16:22:16,183 [Worker-74: Building workspace] INFO  o.e.m.c.i.embedder.EclipseLogger - skip non existing resourceDirectory /home/carles/Acceso a Datos/eclipse-workNew/ApiJuegoDef/src/test/resources
2020-02-14 16:26:28,467 [Worker-76: Building workspace] WARN  o.e.m.c.i.embedder.EclipseLogger - Using platform encoding (UTF-8 actually) to copy filtered resources, i.e. build is platform dependent!
2020-02-14 16:26:28,468 [Worker-76: Building workspace] INFO  o.e.m.c.i.embedder.EclipseLogger - skip non existing resourceDirectory /home/carles/Acceso a Datos/eclipse-workNew/ApiJuegoDef/src/main/resources
2020-02-14 16:26:28,468 [Worker-76: Building workspace] WARN  o.e.m.c.i.embedder.EclipseLogger - Using platform encoding (UTF-8 actually) to copy filtered resources, i.e. build is platform dependent!
2020-02-14 16:26:28,469 [Worker-76: Building workspace] INFO  o.e.m.c.i.embedder.EclipseLogger - skip non existing resourceDirectory /home/carles/Acceso a Datos/eclipse-workNew/ApiJuegoDef/src/test/resources
2020-02-14 16:27:36,924 [Worker-76: Building workspace] WARN  o.e.m.c.i.embedder.EclipseLogger - Using platform encoding (UTF-8 actually) to copy filtered resources, i.e. build is platform dependent!
2020-02-14 16:27:36,924 [Worker-76: Building workspace] INFO  o.e.m.c.i.embedder.EclipseLogger - skip non existing resourceDirectory /home/carles/Acceso a Datos/eclipse-workNew/ApiJuegoDef/src/main/resources
2020-02-14 16:27:36,925 [Worker-76: Building workspace] WARN  o.e.m.c.i.embedder.EclipseLogger - Using platform encoding (UTF-8 actually) to copy filtered resources, i.e. build is platform dependent!
2020-02-14 16:27:36,925 [Worker-76: Building workspace] INFO  o.e.m.c.i.embedder.EclipseLogger - skip non existing resourceDirectory /home/carles/Acceso a Datos/eclipse-workNew/ApiJuegoDef/src/test/resources
2020-02-14 16:28:39,625 [Worker-78: Building workspace] WARN  o.e.m.c.i.embedder.EclipseLogger - Using platform encoding (UTF-8 actually) to copy filtered resources, i.e. build is platform dependent!
2020-02-14 16:28:39,625 [Worker-78: Building workspace] INFO  o.e.m.c.i.embedder.EclipseLogger - skip non existing resourceDirectory /home/carles/Acceso a Datos/eclipse-workNew/ApiJuegoDef/src/main/resources
2020-02-14 16:28:39,626 [Worker-78: Building workspace] WARN  o.e.m.c.i.embedder.EclipseLogger - Using platform encoding (UTF-8 actually) to copy filtered resources, i.e. build is platform dependent!
2020-02-14 16:28:39,626 [Worker-78: Building workspace] INFO  o.e.m.c.i.embedder.EclipseLogger - skip non existing resourceDirectory /home/carles/Acceso a Datos/eclipse-workNew/ApiJuegoDef/src/test/resources
2020-02-14 16:33:02,696 [Worker-74: Building workspace] WARN  o.e.m.c.i.embedder.EclipseLogger - Using platform encoding (UTF-8 actually) to copy filtered resources, i.e. build is platform dependent!
2020-02-14 16:33:02,697 [Worker-74: Building workspace] INFO  o.e.m.c.i.embedder.EclipseLogger - skip non existing resourceDirectory /home/carles/Acceso a Datos/eclipse-workNew/ApiJuegoDef/src/main/resources
2020-02-14 16:33:02,697 [Worker-74: Building workspace] WARN  o.e.m.c.i.embedder.EclipseLogger - Using platform encoding (UTF-8 actually) to copy filtered resources, i.e. build is platform dependent!
2020-02-14 16:33:02,697 [Worker-74: Building workspace] INFO  o.e.m.c.i.embedder.EclipseLogger - skip non existing resourceDirectory /home/carles/Acceso a Datos/eclipse-workNew/ApiJuegoDef/src/test/resources
2020-02-14 16:35:57,825 [Worker-74: Building workspace] INFO  o.e.m.c.i.l.LifecycleMappingFactory - Using org.maven.ide.eclipse.wtp.WarLifecycleMapping lifecycle mapping for MavenProject: ApiJuegoDef:ApiJuegoDef:0.0.1-SNAPSHOT @ /home/carles/Acceso a Datos/eclipse-workNew/ApiJuegoDef/pom.xml.
2020-02-14 16:35:58,762 [Worker-74: Building workspace] INFO  o.e.m.c.i.e.AbstractTransferListenerAdapter - Downloading https://repo.maven.apache.org/maven2/org/glassfish/main/extras/glassfish-embedded-all/4.1/glassfish-embedded-all-4.1.pom
2020-02-14 16:35:58,995 [Worker-74: Building workspace] INFO  o.e.m.c.i.e.AbstractTransferListenerAdapter - Downloaded https://repo.maven.apache.org/maven2/org/glassfish/main/extras/glassfish-embedded-all/4.1/glassfish-embedded-all-4.1.pom
2020-02-14 16:35:59,276 [Worker-74: Building workspace] INFO  o.e.m.c.i.e.AbstractTransferListenerAdapter - Downloading https://repo.maven.apache.org/maven2/org/glassfish/main/extras/extras/4.1/extras-4.1.pom
2020-02-14 16:35:59,510 [Worker-74: Building workspace] INFO  o.e.m.c.i.e.AbstractTransferListenerAdapter - Downloaded https://repo.maven.apache.org/maven2/org/glassfish/main/extras/extras/4.1/extras-4.1.pom
2020-02-14 16:35:59,867 [Worker-74: Building workspace] INFO  o.e.m.c.i.e.AbstractTransferListenerAdapter - Downloading https://repo.maven.apache.org/maven2/org/glassfish/main/glassfish-parent/4.1/glassfish-parent-4.1.pom
2020-02-14 16:36:00,157 [Worker-74: Building workspace] INFO  o.e.m.c.i.e.AbstractTransferListenerAdapter - Downloaded https://repo.maven.apache.org/maven2/org/glassfish/main/glassfish-parent/4.1/glassfish-parent-4.1.pom
2020-02-14 16:36:00,421 [Worker-74: Building workspace] INFO  o.e.m.c.i.e.AbstractTransferListenerAdapter - Downloading https://repo.maven.apache.org/maven2/org/glassfish/main/glassfish-nucleus-parent/4.1/glassfish-nucleus-parent-4.1.pom
2020-02-14 16:36:00,670 [Worker-74: Building workspace] INFO  o.e.m.c.i.e.AbstractTransferListenerAdapter - Downloaded https://repo.maven.apache.org/maven2/org/glassfish/main/glassfish-nucleus-parent/4.1/glassfish-nucleus-parent-4.1.pom
2020-02-14 16:36:00,911 [Worker-74: Building workspace] INFO  o.e.m.c.i.e.AbstractTransferListenerAdapter - Downloading https://repo.maven.apache.org/maven2/org/glassfish/tyrus/tyrus-bom/1.8.1/tyrus-bom-1.8.1.pom
2020-02-14 16:36:01,140 [Worker-74: Building workspace] INFO  o.e.m.c.i.e.AbstractTransferListenerAdapter - Downloaded https://repo.maven.apache.org/maven2/org/glassfish/tyrus/tyrus-bom/1.8.1/tyrus-bom-1.8.1.pom
2020-02-14 16:36:01,377 [Worker-74: Building workspace] INFO  o.e.m.c.i.e.AbstractTransferListenerAdapter - Downloading https://repo.maven.apache.org/maven2/org/glassfish/hk2/hk2-bom/2.3.0/hk2-bom-2.3.0.pom
2020-02-14 16:36:01,695 [Worker-74: Building workspace] INFO  o.e.m.c.i.e.AbstractTransferListenerAdapter - Downloaded https://repo.maven.apache.org/maven2/org/glassfish/hk2/hk2-bom/2.3.0/hk2-bom-2.3.0.pom
2020-02-14 16:36:01,915 [Worker-74: Building workspace] INFO  o.e.m.c.i.e.AbstractTransferListenerAdapter - Downloading https://repo.maven.apache.org/maven2/org/glassfish/grizzly/grizzly-bom/2.3.15-gfa/grizzly-bom-2.3.15-gfa.pom
2020-02-14 16:36:02,133 [Worker-74: Building workspace] INFO  o.e.m.c.i.e.AbstractTransferListenerAdapter - Downloaded https://repo.maven.apache.org/maven2/org/glassfish/grizzly/grizzly-bom/2.3.15-gfa/grizzly-bom-2.3.15-gfa.pom
2020-02-14 16:36:02,402 [Worker-74: Building workspace] INFO  o.e.m.c.i.e.AbstractTransferListenerAdapter - Downloading https://repo.maven.apache.org/maven2/org/glassfish/jersey/jersey-bom/2.10.4/jersey-bom-2.10.4.pom
2020-02-14 16:36:02,646 [Worker-74: Building workspace] INFO  o.e.m.c.i.e.AbstractTransferListenerAdapter - Downloaded https://repo.maven.apache.org/maven2/org/glassfish/jersey/jersey-bom/2.10.4/jersey-bom-2.10.4.pom
2020-02-14 16:36:04,968 [Worker-74: Building workspace] INFO  o.e.m.c.i.e.AbstractTransferListenerAdapter - Downloading https://repo.maven.apache.org/maven2/org/glassfish/main/extras/glassfish-embedded-all/4.1/glassfish-embedded-all-4.1.jar
2020-02-14 16:36:27,915 [Worker-74: Building workspace] INFO  o.e.m.c.i.e.AbstractTransferListenerAdapter - Downloaded https://repo.maven.apache.org/maven2/org/glassfish/main/extras/glassfish-embedded-all/4.1/glassfish-embedded-all-4.1.jar
2020-02-14 16:36:27,994 [Worker-74: Building workspace] WARN  o.e.m.c.i.embedder.EclipseLogger - Using platform encoding (UTF-8 actually) to copy filtered resources, i.e. build is platform dependent!
2020-02-14 16:36:27,994 [Worker-74: Building workspace] INFO  o.e.m.c.i.embedder.EclipseLogger - skip non existing resourceDirectory /home/carles/Acceso a Datos/eclipse-workNew/ApiJuegoDef/src/main/resources
2020-02-14 16:36:27,995 [Worker-74: Building workspace] WARN  o.e.m.c.i.embedder.EclipseLogger - Using platform encoding (UTF-8 actually) to copy filtered resources, i.e. build is platform dependent!
2020-02-14 16:36:27,996 [Worker-74: Building workspace] INFO  o.e.m.c.i.embedder.EclipseLogger - skip non existing resourceDirectory /home/carles/Acceso a Datos/eclipse-workNew/ApiJuegoDef/src/test/resources
2020-02-14 16:36:27,996 [Worker-74: Building workspace] INFO  o.e.m.w.i.f.ResourceFilteringBuildParticipant - Changed resources require a complete clean of filtered resources of ApiJuegoDef
2020-02-14 16:36:27,996 [Worker-74: Building workspace] INFO  o.e.m.w.i.f.ResourceFilteringBuildParticipant - Executing resource filtering for ApiJuegoDef
2020-02-14 16:36:27,997 [Worker-74: Building workspace] WARN  o.e.m.c.i.embedder.EclipseLogger - Using platform encoding (UTF-8 actually) to copy filtered resources, i.e. build is platform dependent!
2020-02-14 16:36:30,020 [Worker-74: Download sources and javadoc] INFO  o.e.m.c.i.e.AbstractTransferListenerAdapter - Downloading https://repo.maven.apache.org/maven2/org/glassfish/main/extras/glassfish-embedded-all/4.1/glassfish-embedded-all-4.1-sources.jar
2020-02-14 16:36:30,281 [Worker-74: Download sources and javadoc] INFO  o.e.m.c.i.e.AbstractTransferListenerAdapter - Downloaded https://repo.maven.apache.org/maven2/org/glassfish/main/extras/glassfish-embedded-all/4.1/glassfish-embedded-all-4.1-sources.jar
2020-02-14 16:36:30,288 [Worker-74: Download sources and javadoc] INFO  o.e.m.j.internal.DownloadSourcesJob - Downloaded sources for org.glassfish.main.extras:glassfish-embedded-all:4.1
2020-02-14 16:36:44,161 [Worker-82: Building workspace] WARN  o.e.m.c.i.embedder.EclipseLogger - Using platform encoding (UTF-8 actually) to copy filtered resources, i.e. build is platform dependent!
2020-02-14 16:36:44,161 [Worker-82: Building workspace] INFO  o.e.m.c.i.embedder.EclipseLogger - skip non existing resourceDirectory /home/carles/Acceso a Datos/eclipse-workNew/ApiJuegoDef/src/main/resources
2020-02-14 16:36:44,162 [Worker-82: Building workspace] WARN  o.e.m.c.i.embedder.EclipseLogger - Using platform encoding (UTF-8 actually) to copy filtered resources, i.e. build is platform dependent!
2020-02-14 16:36:44,162 [Worker-82: Building workspace] INFO  o.e.m.c.i.embedder.EclipseLogger - skip non existing resourceDirectory /home/carles/Acceso a Datos/eclipse-workNew/ApiJuegoDef/src/test/resources
2020-02-14 16:44:12,235 [Worker-76: Building workspace] WARN  o.e.m.c.i.embedder.EclipseLogger - Using platform encoding (UTF-8 actually) to copy filtered resources, i.e. build is platform dependent!
2020-02-14 16:44:12,236 [Worker-76: Building workspace] INFO  o.e.m.c.i.embedder.EclipseLogger - skip non existing resourceDirectory /home/carles/Acceso a Datos/eclipse-workNew/ApiJuegoDef/src/main/resources
2020-02-14 16:44:12,237 [Worker-76: Building workspace] WARN  o.e.m.c.i.embedder.EclipseLogger - Using platform encoding (UTF-8 actually) to copy filtered resources, i.e. build is platform dependent!
2020-02-14 16:44:12,237 [Worker-76: Building workspace] INFO  o.e.m.c.i.embedder.EclipseLogger - skip non existing resourceDirectory /home/carles/Acceso a Datos/eclipse-workNew/ApiJuegoDef/src/test/resources
2020-02-14 16:45:12,297 [Worker-76: Building workspace] WARN  o.e.m.c.i.embedder.EclipseLogger - Using platform encoding (UTF-8 actually) to copy filtered resources, i.e. build is platform dependent!
2020-02-14 16:45:12,298 [Worker-76: Building workspace] INFO  o.e.m.c.i.embedder.EclipseLogger - skip non existing resourceDirectory /home/carles/Acceso a Datos/eclipse-workNew/ApiJuegoDef/src/main/resources
2020-02-14 16:45:12,298 [Worker-76: Building workspace] WARN  o.e.m.c.i.embedder.EclipseLogger - Using platform encoding (UTF-8 actually) to copy filtered resources, i.e. build is platform dependent!
2020-02-14 16:45:12,298 [Worker-76: Building workspace] INFO  o.e.m.c.i.embedder.EclipseLogger - skip non existing resourceDirectory /home/carles/Acceso a Datos/eclipse-workNew/ApiJuegoDef/src/test/resources
2020-02-14 16:45:53,372 [Worker-87: Building workspace] WARN  o.e.m.c.i.embedder.EclipseLogger - Using platform encoding (UTF-8 actually) to copy filtered resources, i.e. build is platform dependent!
2020-02-14 16:45:53,372 [Worker-87: Building workspace] INFO  o.e.m.c.i.embedder.EclipseLogger - skip non existing resourceDirectory /home/carles/Acceso a Datos/eclipse-workNew/ApiJuegoDef/src/main/resources
2020-02-14 16:45:53,373 [Worker-87: Building workspace] WARN  o.e.m.c.i.embedder.EclipseLogger - Using platform encoding (UTF-8 actually) to copy filtered resources, i.e. build is platform dependent!
2020-02-14 16:45:53,373 [Worker-87: Building workspace] INFO  o.e.m.c.i.embedder.EclipseLogger - skip non existing resourceDirectory /home/carles/Acceso a Datos/eclipse-workNew/ApiJuegoDef/src/test/resources
2020-02-14 16:50:59,978 [Worker-87: Rebuilding] WARN  o.e.m.c.i.embedder.EclipseLogger - Using platform encoding (UTF-8 actually) to copy filtered resources, i.e. build is platform dependent!
2020-02-14 16:50:59,979 [Worker-87: Rebuilding] INFO  o.e.m.c.i.embedder.EclipseLogger - skip non existing resourceDirectory /home/carles/Acceso a Datos/eclipse-workNew/ApiJuegoDef/src/main/resources
2020-02-14 16:50:59,980 [Worker-87: Rebuilding] WARN  o.e.m.c.i.embedder.EclipseLogger - Using platform encoding (UTF-8 actually) to copy filtered resources, i.e. build is platform dependent!
2020-02-14 16:50:59,980 [Worker-87: Rebuilding] INFO  o.e.m.c.i.embedder.EclipseLogger - skip non existing resourceDirectory /home/carles/Acceso a Datos/eclipse-workNew/ApiJuegoDef/src/test/resources
2020-02-14 16:58:26,064 [Worker-89: Cleaning all projects] INFO  o.e.m.w.i.f.ResourceFilteringBuildParticipant - Cleaning filtered folder for ApiJuegoDef
2020-02-14 16:58:34,554 [Worker-88: Building workspace] WARN  o.e.m.c.i.embedder.EclipseLogger - Using platform encoding (UTF-8 actually) to copy filtered resources, i.e. build is platform dependent!
2020-02-14 16:58:34,554 [Worker-88: Building workspace] INFO  o.e.m.c.i.embedder.EclipseLogger - skip non existing resourceDirectory /home/carles/Acceso a Datos/eclipse-workNew/ApiJuegoDef/src/main/resources
2020-02-14 16:58:34,555 [Worker-88: Building workspace] WARN  o.e.m.c.i.embedder.EclipseLogger - Using platform encoding (UTF-8 actually) to copy filtered resources, i.e. build is platform dependent!
2020-02-14 16:58:34,555 [Worker-88: Building workspace] INFO  o.e.m.c.i.embedder.EclipseLogger - skip non existing resourceDirectory /home/carles/Acceso a Datos/eclipse-workNew/ApiJuegoDef/src/test/resources
2020-02-14 16:58:34,556 [Worker-88: Building workspace] INFO  o.e.m.w.i.f.ResourceFilteringBuildParticipant - Changed resources require a complete clean of filtered resources of ApiJuegoDef
2020-02-14 16:58:34,556 [Worker-88: Building workspace] INFO  o.e.m.w.i.f.ResourceFilteringBuildParticipant - Executing resource filtering for ApiJuegoDef
2020-02-14 16:58:34,565 [Worker-88: Building workspace] WARN  o.e.m.c.i.embedder.EclipseLogger - Using platform encoding (UTF-8 actually) to copy filtered resources, i.e. build is platform dependent!
2020-02-14 17:01:21,863 [Worker-85: Building workspace] INFO  o.e.m.c.i.l.LifecycleMappingFactory - Using org.maven.ide.eclipse.wtp.WarLifecycleMapping lifecycle mapping for MavenProject: ApiJuegoDef:ApiJuegoDef:0.0.1-SNAPSHOT @ /home/carles/Acceso a Datos/eclipse-workNew/ApiJuegoDef/pom.xml.
2020-02-14 17:01:22,103 [Worker-85: Building workspace] INFO  o.e.m.c.i.e.AbstractTransferListenerAdapter - Downloading https://repo.maven.apache.org/maven2/com/sun/xml/bind/jaxb-impl/2.2.11/jaxb-impl-2.2.11.pom
2020-02-14 17:01:22,158 [Worker-85: Building workspace] INFO  o.e.m.c.i.e.AbstractTransferListenerAdapter - Downloaded https://repo.maven.apache.org/maven2/com/sun/xml/bind/jaxb-impl/2.2.11/jaxb-impl-2.2.11.pom
2020-02-14 17:01:22,174 [Worker-85: Building workspace] INFO  o.e.m.c.i.e.AbstractTransferListenerAdapter - Downloading https://repo.maven.apache.org/maven2/com/sun/xml/bind/mvn/jaxb-bundles/2.2.11/jaxb-bundles-2.2.11.pom
2020-02-14 17:01:22,190 [Worker-85: Building workspace] INFO  o.e.m.c.i.e.AbstractTransferListenerAdapter - Downloaded https://repo.maven.apache.org/maven2/com/sun/xml/bind/mvn/jaxb-bundles/2.2.11/jaxb-bundles-2.2.11.pom
2020-02-14 17:01:22,208 [Worker-85: Building workspace] INFO  o.e.m.c.i.e.AbstractTransferListenerAdapter - Downloading https://repo.maven.apache.org/maven2/com/sun/xml/bind/mvn/jaxb-parent/2.2.11/jaxb-parent-2.2.11.pom
2020-02-14 17:01:22,241 [Worker-85: Building workspace] INFO  o.e.m.c.i.e.AbstractTransferListenerAdapter - Downloaded https://repo.maven.apache.org/maven2/com/sun/xml/bind/mvn/jaxb-parent/2.2.11/jaxb-parent-2.2.11.pom
2020-02-14 17:01:22,262 [Worker-85: Building workspace] INFO  o.e.m.c.i.e.AbstractTransferListenerAdapter - Downloading https://repo.maven.apache.org/maven2/com/sun/xml/bind/jaxb-bom-ext/2.2.11/jaxb-bom-ext-2.2.11.pom
2020-02-14 17:01:22,281 [Worker-85: Building workspace] INFO  o.e.m.c.i.e.AbstractTransferListenerAdapter - Downloaded https://repo.maven.apache.org/maven2/com/sun/xml/bind/jaxb-bom-ext/2.2.11/jaxb-bom-ext-2.2.11.pom
2020-02-14 17:01:22,300 [Worker-85: Building workspace] INFO  o.e.m.c.i.e.AbstractTransferListenerAdapter - Downloading https://repo.maven.apache.org/maven2/org/glassfish/jaxb/jaxb-bom/2.2.11/jaxb-bom-2.2.11.pom
2020-02-14 17:01:22,320 [Worker-85: Building workspace] INFO  o.e.m.c.i.e.AbstractTransferListenerAdapter - Downloaded https://repo.maven.apache.org/maven2/org/glassfish/jaxb/jaxb-bom/2.2.11/jaxb-bom-2.2.11.pom
2020-02-14 17:01:22,327 [Worker-85: Building workspace] WARN  o.e.m.c.i.embedder.EclipseLogger - The POM for com.sun.xml.bind:jaxb-impl:jar:2.2.11 is invalid, transitive dependencies (if any) will not be available, enable debug logging for more details
2020-02-14 17:01:22,393 [Worker-85: Building workspace] INFO  o.e.m.c.i.e.AbstractTransferListenerAdapter - Downloading https://repo.maven.apache.org/maven2/com/sun/xml/bind/jaxb-impl/2.2.11/jaxb-impl-2.2.11.jar
2020-02-14 17:01:22,626 [Worker-85: Building workspace] INFO  o.e.m.c.i.e.AbstractTransferListenerAdapter - Downloaded https://repo.maven.apache.org/maven2/com/sun/xml/bind/jaxb-impl/2.2.11/jaxb-impl-2.2.11.jar
2020-02-14 17:01:22,685 [Worker-85: Building workspace] WARN  o.e.m.c.i.embedder.EclipseLogger - Using platform encoding (UTF-8 actually) to copy filtered resources, i.e. build is platform dependent!
2020-02-14 17:01:22,686 [Worker-85: Building workspace] INFO  o.e.m.c.i.embedder.EclipseLogger - skip non existing resourceDirectory /home/carles/Acceso a Datos/eclipse-workNew/ApiJuegoDef/src/main/resources
2020-02-14 17:01:22,687 [Worker-85: Building workspace] WARN  o.e.m.c.i.embedder.EclipseLogger - Using platform encoding (UTF-8 actually) to copy filtered resources, i.e. build is platform dependent!
2020-02-14 17:01:22,687 [Worker-85: Building workspace] INFO  o.e.m.c.i.embedder.EclipseLogger - skip non existing resourceDirectory /home/carles/Acceso a Datos/eclipse-workNew/ApiJuegoDef/src/test/resources
2020-02-14 17:01:22,687 [Worker-85: Building workspace] INFO  o.e.m.w.i.f.ResourceFilteringBuildParticipant - Changed resources require a complete clean of filtered resources of ApiJuegoDef
2020-02-14 17:01:22,687 [Worker-85: Building workspace] INFO  o.e.m.w.i.f.ResourceFilteringBuildParticipant - Executing resource filtering for ApiJuegoDef
2020-02-14 17:01:22,689 [Worker-85: Building workspace] WARN  o.e.m.c.i.embedder.EclipseLogger - Using platform encoding (UTF-8 actually) to copy filtered resources, i.e. build is platform dependent!
2020-02-14 17:01:22,901 [Worker-85: Building workspace] WARN  o.e.m.c.i.embedder.EclipseLogger - The POM for com.sun.xml.bind:jaxb-impl:jar:2.2.11 is invalid, transitive dependencies (if any) will not be available, enable debug logging for more details
2020-02-14 17:01:23,063 [Worker-85: Building workspace] WARN  o.e.m.c.i.embedder.EclipseLogger - The POM for com.sun.xml.bind:jaxb-impl:jar:2.2.11 is invalid, transitive dependencies (if any) will not be available, enable debug logging for more details
2020-02-14 17:01:24,115 [Worker-84: Download sources and javadoc] INFO  o.e.m.c.i.e.AbstractTransferListenerAdapter - Downloading https://repo.maven.apache.org/maven2/com/sun/xml/bind/jaxb-impl/2.2.11/jaxb-impl-2.2.11-sources.jar
2020-02-14 17:01:24,538 [Worker-84: Download sources and javadoc] INFO  o.e.m.c.i.e.AbstractTransferListenerAdapter - Downloaded https://repo.maven.apache.org/maven2/com/sun/xml/bind/jaxb-impl/2.2.11/jaxb-impl-2.2.11-sources.jar
2020-02-14 17:01:24,546 [Worker-84: Download sources and javadoc] INFO  o.e.m.j.internal.DownloadSourcesJob - Downloaded sources for com.sun.xml.bind:jaxb-impl:2.2.11
2020-02-14 17:01:25,087 [Worker-85: Building workspace] WARN  o.e.m.c.i.embedder.EclipseLogger - Using platform encoding (UTF-8 actually) to copy filtered resources, i.e. build is platform dependent!
2020-02-14 17:01:25,088 [Worker-85: Building workspace] INFO  o.e.m.c.i.embedder.EclipseLogger - skip non existing resourceDirectory /home/carles/Acceso a Datos/eclipse-workNew/ApiJuegoDef/src/main/resources
2020-02-14 17:01:25,088 [Worker-85: Building workspace] WARN  o.e.m.c.i.embedder.EclipseLogger - Using platform encoding (UTF-8 actually) to copy filtered resources, i.e. build is platform dependent!
2020-02-14 17:01:25,089 [Worker-85: Building workspace] INFO  o.e.m.c.i.embedder.EclipseLogger - skip non existing resourceDirectory /home/carles/Acceso a Datos/eclipse-workNew/ApiJuegoDef/src/test/resources
2020-02-14 17:03:09,149 [Worker-85: Building workspace] INFO  o.e.m.c.i.l.LifecycleMappingFactory - Using org.maven.ide.eclipse.wtp.WarLifecycleMapping lifecycle mapping for MavenProject: ApiJuegoDef:ApiJuegoDef:0.0.1-SNAPSHOT @ /home/carles/Acceso a Datos/eclipse-workNew/ApiJuegoDef/pom.xml.
2020-02-14 17:03:09,188 [Worker-85: Building workspace] WARN  o.e.m.c.i.embedder.EclipseLogger - The POM for com.sun.xml.bind:jaxb-impl:jar:2.2.11 is invalid, transitive dependencies (if any) will not be available, enable debug logging for more details
2020-02-14 17:03:09,356 [Worker-85: Building workspace] INFO  o.e.m.c.i.e.AbstractTransferListenerAdapter - Downloading https://repo.maven.apache.org/maven2/com/sun/xml/bind/jaxb-core/2.2.11/jaxb-core-2.2.11.pom
2020-02-14 17:03:09,420 [Worker-85: Building workspace] INFO  o.e.m.c.i.e.AbstractTransferListenerAdapter - Downloaded https://repo.maven.apache.org/maven2/com/sun/xml/bind/jaxb-core/2.2.11/jaxb-core-2.2.11.pom
2020-02-14 17:03:09,428 [Worker-85: Building workspace] WARN  o.e.m.c.i.embedder.EclipseLogger - The POM for com.sun.xml.bind:jaxb-core:jar:2.2.11 is invalid, transitive dependencies (if any) will not be available, enable debug logging for more details
2020-02-14 17:03:09,498 [Worker-85: Building workspace] INFO  o.e.m.c.i.e.AbstractTransferListenerAdapter - Downloading https://repo.maven.apache.org/maven2/com/sun/xml/bind/jaxb-core/2.2.11/jaxb-core-2.2.11.jar
2020-02-14 17:03:09,594 [Worker-85: Building workspace] INFO  o.e.m.c.i.e.AbstractTransferListenerAdapter - Downloaded https://repo.maven.apache.org/maven2/com/sun/xml/bind/jaxb-core/2.2.11/jaxb-core-2.2.11.jar
2020-02-14 17:03:09,686 [Worker-85: Building workspace] WARN  o.e.m.c.i.embedder.EclipseLogger - Using platform encoding (UTF-8 actually) to copy filtered resources, i.e. build is platform dependent!
2020-02-14 17:03:09,686 [Worker-85: Building workspace] INFO  o.e.m.c.i.embedder.EclipseLogger - skip non existing resourceDirectory /home/carles/Acceso a Datos/eclipse-workNew/ApiJuegoDef/src/main/resources
2020-02-14 17:03:09,687 [Worker-85: Building workspace] WARN  o.e.m.c.i.embedder.EclipseLogger - Using platform encoding (UTF-8 actually) to copy filtered resources, i.e. build is platform dependent!
2020-02-14 17:03:09,688 [Worker-85: Building workspace] INFO  o.e.m.c.i.embedder.EclipseLogger - skip non existing resourceDirectory /home/carles/Acceso a Datos/eclipse-workNew/ApiJuegoDef/src/test/resources
2020-02-14 17:03:09,688 [Worker-85: Building workspace] INFO  o.e.m.w.i.f.ResourceFilteringBuildParticipant - Changed resources require a complete clean of filtered resources of ApiJuegoDef
2020-02-14 17:03:09,688 [Worker-85: Building workspace] INFO  o.e.m.w.i.f.ResourceFilteringBuildParticipant - Executing resource filtering for ApiJuegoDef
2020-02-14 17:03:09,690 [Worker-85: Building workspace] WARN  o.e.m.c.i.embedder.EclipseLogger - Using platform encoding (UTF-8 actually) to copy filtered resources, i.e. build is platform dependent!
2020-02-14 17:03:09,866 [Worker-85: Building workspace] WARN  o.e.m.c.i.embedder.EclipseLogger - The POM for com.sun.xml.bind:jaxb-impl:jar:2.2.11 is invalid, transitive dependencies (if any) will not be available, enable debug logging for more details
2020-02-14 17:03:09,868 [Worker-85: Building workspace] WARN  o.e.m.c.i.embedder.EclipseLogger - The POM for com.sun.xml.bind:jaxb-core:jar:2.2.11 is invalid, transitive dependencies (if any) will not be available, enable debug logging for more details
2020-02-14 17:03:09,972 [Worker-85: Building workspace] WARN  o.e.m.c.i.embedder.EclipseLogger - The POM for com.sun.xml.bind:jaxb-impl:jar:2.2.11 is invalid, transitive dependencies (if any) will not be available, enable debug logging for more details
2020-02-14 17:03:09,974 [Worker-85: Building workspace] WARN  o.e.m.c.i.embedder.EclipseLogger - The POM for com.sun.xml.bind:jaxb-core:jar:2.2.11 is invalid, transitive dependencies (if any) will not be available, enable debug logging for more details
2020-02-14 17:03:11,100 [Worker-91: Download sources and javadoc] INFO  o.e.m.c.i.e.AbstractTransferListenerAdapter - Downloading https://repo.maven.apache.org/maven2/com/sun/xml/bind/jaxb-core/2.2.11/jaxb-core-2.2.11-sources.jar
2020-02-14 17:03:11,227 [Worker-91: Download sources and javadoc] INFO  o.e.m.c.i.e.AbstractTransferListenerAdapter - Downloaded https://repo.maven.apache.org/maven2/com/sun/xml/bind/jaxb-core/2.2.11/jaxb-core-2.2.11-sources.jar
2020-02-14 17:03:11,235 [Worker-91: Download sources and javadoc] INFO  o.e.m.j.internal.DownloadSourcesJob - Downloaded sources for com.sun.xml.bind:jaxb-core:2.2.11
2020-02-14 17:03:11,992 [Worker-84: Building workspace] WARN  o.e.m.c.i.embedder.EclipseLogger - Using platform encoding (UTF-8 actually) to copy filtered resources, i.e. build is platform dependent!
2020-02-14 17:03:11,993 [Worker-84: Building workspace] INFO  o.e.m.c.i.embedder.EclipseLogger - skip non existing resourceDirectory /home/carles/Acceso a Datos/eclipse-workNew/ApiJuegoDef/src/main/resources
2020-02-14 17:03:11,996 [Worker-84: Building workspace] WARN  o.e.m.c.i.embedder.EclipseLogger - Using platform encoding (UTF-8 actually) to copy filtered resources, i.e. build is platform dependent!
2020-02-14 17:03:11,997 [Worker-84: Building workspace] INFO  o.e.m.c.i.embedder.EclipseLogger - skip non existing resourceDirectory /home/carles/Acceso a Datos/eclipse-workNew/ApiJuegoDef/src/test/resources
2020-02-14 17:33:22,932 [Worker-91: Building workspace] WARN  o.e.m.c.i.embedder.EclipseLogger - Using platform encoding (UTF-8 actually) to copy filtered resources, i.e. build is platform dependent!
2020-02-14 17:33:22,933 [Worker-91: Building workspace] INFO  o.e.m.c.i.embedder.EclipseLogger - skip non existing resourceDirectory /home/carles/Acceso a Datos/eclipse-workNew/ApiJuegoDef/src/main/resources
2020-02-14 17:33:22,934 [Worker-91: Building workspace] WARN  o.e.m.c.i.embedder.EclipseLogger - Using platform encoding (UTF-8 actually) to copy filtered resources, i.e. build is platform dependent!
2020-02-14 17:33:22,934 [Worker-91: Building workspace] INFO  o.e.m.c.i.embedder.EclipseLogger - skip non existing resourceDirectory /home/carles/Acceso a Datos/eclipse-workNew/ApiJuegoDef/src/test/resources
2020-02-14 17:33:27,230 [Worker-95: Building workspace] WARN  o.e.m.c.i.embedder.EclipseLogger - Using platform encoding (UTF-8 actually) to copy filtered resources, i.e. build is platform dependent!
2020-02-14 17:33:27,231 [Worker-95: Building workspace] INFO  o.e.m.c.i.embedder.EclipseLogger - skip non existing resourceDirectory /home/carles/Acceso a Datos/eclipse-workNew/ApiJuegoDef/src/main/resources
2020-02-14 17:33:27,231 [Worker-95: Building workspace] WARN  o.e.m.c.i.embedder.EclipseLogger - Using platform encoding (UTF-8 actually) to copy filtered resources, i.e. build is platform dependent!
2020-02-14 17:33:27,231 [Worker-95: Building workspace] INFO  o.e.m.c.i.embedder.EclipseLogger - skip non existing resourceDirectory /home/carles/Acceso a Datos/eclipse-workNew/ApiJuegoDef/src/test/resources
2020-02-14 17:52:19,302 [Worker-99: Building workspace] WARN  o.e.m.c.i.embedder.EclipseLogger - Using platform encoding (UTF-8 actually) to copy filtered resources, i.e. build is platform dependent!
2020-02-14 17:52:19,302 [Worker-99: Building workspace] INFO  o.e.m.c.i.embedder.EclipseLogger - skip non existing resourceDirectory /home/carles/Acceso a Datos/eclipse-workNew/ApiJuegoDef/src/main/resources
2020-02-14 17:52:19,303 [Worker-99: Building workspace] WARN  o.e.m.c.i.embedder.EclipseLogger - Using platform encoding (UTF-8 actually) to copy filtered resources, i.e. build is platform dependent!
2020-02-14 17:52:19,303 [Worker-99: Building workspace] INFO  o.e.m.c.i.embedder.EclipseLogger - skip non existing resourceDirectory /home/carles/Acceso a Datos/eclipse-workNew/ApiJuegoDef/src/test/resources
2020-02-14 17:53:14,667 [Worker-98: Building workspace] WARN  o.e.m.c.i.embedder.EclipseLogger - Using platform encoding (UTF-8 actually) to copy filtered resources, i.e. build is platform dependent!
2020-02-14 17:53:14,667 [Worker-98: Building workspace] INFO  o.e.m.c.i.embedder.EclipseLogger - skip non existing resourceDirectory /home/carles/Acceso a Datos/eclipse-workNew/ApiJuegoDef/src/main/resources
2020-02-14 17:53:14,668 [Worker-98: Building workspace] WARN  o.e.m.c.i.embedder.EclipseLogger - Using platform encoding (UTF-8 actually) to copy filtered resources, i.e. build is platform dependent!
2020-02-14 17:53:14,668 [Worker-98: Building workspace] INFO  o.e.m.c.i.embedder.EclipseLogger - skip non existing resourceDirectory /home/carles/Acceso a Datos/eclipse-workNew/ApiJuegoDef/src/test/resources
2020-02-14 17:53:40,762 [Worker-96: Building workspace] WARN  o.e.m.c.i.embedder.EclipseLogger - Using platform encoding (UTF-8 actually) to copy filtered resources, i.e. build is platform dependent!
2020-02-14 17:53:40,763 [Worker-96: Building workspace] INFO  o.e.m.c.i.embedder.EclipseLogger - skip non existing resourceDirectory /home/carles/Acceso a Datos/eclipse-workNew/ApiJuegoDef/src/main/resources
2020-02-14 17:53:40,764 [Worker-96: Building workspace] WARN  o.e.m.c.i.embedder.EclipseLogger - Using platform encoding (UTF-8 actually) to copy filtered resources, i.e. build is platform dependent!
2020-02-14 17:53:40,764 [Worker-96: Building workspace] INFO  o.e.m.c.i.embedder.EclipseLogger - skip non existing resourceDirectory /home/carles/Acceso a Datos/eclipse-workNew/ApiJuegoDef/src/test/resources
2020-02-14 17:54:51,862 [Worker-97: Building workspace] WARN  o.e.m.c.i.embedder.EclipseLogger - Using platform encoding (UTF-8 actually) to copy filtered resources, i.e. build is platform dependent!
2020-02-14 17:54:51,862 [Worker-97: Building workspace] INFO  o.e.m.c.i.embedder.EclipseLogger - skip non existing resourceDirectory /home/carles/Acceso a Datos/eclipse-workNew/ApiJuegoDef/src/main/resources
2020-02-14 17:54:51,863 [Worker-97: Building workspace] WARN  o.e.m.c.i.embedder.EclipseLogger - Using platform encoding (UTF-8 actually) to copy filtered resources, i.e. build is platform dependent!
2020-02-14 17:54:51,863 [Worker-97: Building workspace] INFO  o.e.m.c.i.embedder.EclipseLogger - skip non existing resourceDirectory /home/carles/Acceso a Datos/eclipse-workNew/ApiJuegoDef/src/test/resources
2020-02-14 17:55:40,062 [Worker-100: Cleaning all projects] INFO  o.e.m.w.i.f.ResourceFilteringBuildParticipant - Cleaning filtered folder for ApiJuegoDef
2020-02-14 17:55:49,712 [Worker-103: Building workspace] WARN  o.e.m.c.i.embedder.EclipseLogger - Using platform encoding (UTF-8 actually) to copy filtered resources, i.e. build is platform dependent!
2020-02-14 17:55:49,712 [Worker-103: Building workspace] INFO  o.e.m.c.i.embedder.EclipseLogger - skip non existing resourceDirectory /home/carles/Acceso a Datos/eclipse-workNew/ApiJuegoDef/src/main/resources
2020-02-14 17:55:49,713 [Worker-103: Building workspace] WARN  o.e.m.c.i.embedder.EclipseLogger - Using platform encoding (UTF-8 actually) to copy filtered resources, i.e. build is platform dependent!
2020-02-14 17:55:49,713 [Worker-103: Building workspace] INFO  o.e.m.c.i.embedder.EclipseLogger - skip non existing resourceDirectory /home/carles/Acceso a Datos/eclipse-workNew/ApiJuegoDef/src/test/resources
2020-02-14 17:55:49,713 [Worker-103: Building workspace] INFO  o.e.m.w.i.f.ResourceFilteringBuildParticipant - Changed resources require a complete clean of filtered resources of ApiJuegoDef
2020-02-14 17:55:49,713 [Worker-103: Building workspace] INFO  o.e.m.w.i.f.ResourceFilteringBuildParticipant - Executing resource filtering for ApiJuegoDef
2020-02-14 17:55:49,717 [Worker-103: Building workspace] WARN  o.e.m.c.i.embedder.EclipseLogger - Using platform encoding (UTF-8 actually) to copy filtered resources, i.e. build is platform dependent!
2020-02-14 18:48:05,227 [Worker-104: Building workspace] WARN  o.e.m.c.i.embedder.EclipseLogger - Using platform encoding (UTF-8 actually) to copy filtered resources, i.e. build is platform dependent!
2020-02-14 18:48:05,228 [Worker-104: Building workspace] INFO  o.e.m.c.i.embedder.EclipseLogger - skip non existing resourceDirectory /home/carles/Acceso a Datos/eclipse-workNew/ApiJuegoDef/src/main/resources
2020-02-14 18:48:05,228 [Worker-104: Building workspace] WARN  o.e.m.c.i.embedder.EclipseLogger - Using platform encoding (UTF-8 actually) to copy filtered resources, i.e. build is platform dependent!
2020-02-14 18:48:05,228 [Worker-104: Building workspace] INFO  o.e.m.c.i.embedder.EclipseLogger - skip non existing resourceDirectory /home/carles/Acceso a Datos/eclipse-workNew/ApiJuegoDef/src/test/resources
2020-02-14 18:48:46,912 [Worker-108: Building workspace] WARN  o.e.m.c.i.embedder.EclipseLogger - Using platform encoding (UTF-8 actually) to copy filtered resources, i.e. build is platform dependent!
2020-02-14 18:48:46,913 [Worker-108: Building workspace] INFO  o.e.m.c.i.embedder.EclipseLogger - skip non existing resourceDirectory /home/carles/Acceso a Datos/eclipse-workNew/ApiJuegoDef/src/main/resources
2020-02-14 18:48:46,914 [Worker-108: Building workspace] WARN  o.e.m.c.i.embedder.EclipseLogger - Using platform encoding (UTF-8 actually) to copy filtered resources, i.e. build is platform dependent!
2020-02-14 18:48:46,914 [Worker-108: Building workspace] INFO  o.e.m.c.i.embedder.EclipseLogger - skip non existing resourceDirectory /home/carles/Acceso a Datos/eclipse-workNew/ApiJuegoDef/src/test/resources
2020-02-14 18:58:32,619 [Worker-114: Building workspace] WARN  o.e.m.c.i.embedder.EclipseLogger - Using platform encoding (UTF-8 actually) to copy filtered resources, i.e. build is platform dependent!
2020-02-14 18:58:32,619 [Worker-114: Building workspace] INFO  o.e.m.c.i.embedder.EclipseLogger - skip non existing resourceDirectory /home/carles/Acceso a Datos/eclipse-workNew/ApiJuegoDef/src/main/resources
2020-02-14 18:58:32,620 [Worker-114: Building workspace] WARN  o.e.m.c.i.embedder.EclipseLogger - Using platform encoding (UTF-8 actually) to copy filtered resources, i.e. build is platform dependent!
2020-02-14 18:58:32,621 [Worker-114: Building workspace] INFO  o.e.m.c.i.embedder.EclipseLogger - skip non existing resourceDirectory /home/carles/Acceso a Datos/eclipse-workNew/ApiJuegoDef/src/test/resources
2020-02-14 19:20:18,660 [Worker-114: Building workspace] WARN  o.e.m.c.i.embedder.EclipseLogger - Using platform encoding (UTF-8 actually) to copy filtered resources, i.e. build is platform dependent!
2020-02-14 19:20:18,661 [Worker-114: Building workspace] INFO  o.e.m.c.i.embedder.EclipseLogger - skip non existing resourceDirectory /home/carles/Acceso a Datos/eclipse-workNew/ApiJuegoDef/src/main/resources
2020-02-14 19:20:18,662 [Worker-114: Building workspace] WARN  o.e.m.c.i.embedder.EclipseLogger - Using platform encoding (UTF-8 actually) to copy filtered resources, i.e. build is platform dependent!
2020-02-14 19:20:18,662 [Worker-114: Building workspace] INFO  o.e.m.c.i.embedder.EclipseLogger - skip non existing resourceDirectory /home/carles/Acceso a Datos/eclipse-workNew/ApiJuegoDef/src/test/resources
